Using pre-set license
Built from '2021.3/staging' branch; Version is '2021.3.45f1 (0da89fac8e79) revision 895135'; Using compiler version '192829333'; Build Type 'Release'
OS: 'Windows 11  (10.0.26100) 64bit CoreSingleLanguage' Language: 'es' Physical Memory: 61292 MB
BatchMode: 1, IsHumanControllingUs: 0, StartBugReporterOnCrash: 0, Is64bit: 1, IsPro: 1

COMMAND LINE ARGUMENTS:
C:\Program Files\Unity\Hub\Editor\2021.3.45f1\Editor\Unity.exe
-adb2
-batchMode
-noUpm
-name
AssetImportWorker7
-projectPath
D:/UnityProjects/Testing/APP_Mutual_AR
-logFile
Logs/AssetImportWorker7.log
-srvPort
51643
Successfully changed project path to: D:/UnityProjects/Testing/APP_Mutual_AR
D:/UnityProjects/Testing/APP_Mutual_AR
[UnityMemory] Configuration Parameters - Can be set up in boot.config
    "memorysetup-bucket-allocator-granularity=16"
    "memorysetup-bucket-allocator-bucket-count=8"
    "memorysetup-bucket-allocator-block-size=33554432"
    "memorysetup-bucket-allocator-block-count=8"
    "memorysetup-main-allocator-block-size=16777216"
    "memorysetup-thread-allocator-block-size=16777216"
    "memorysetup-gfx-main-allocator-block-size=16777216"
    "memorysetup-gfx-thread-allocator-block-size=16777216"
    "memorysetup-cache-allocator-block-size=4194304"
    "memorysetup-typetree-allocator-block-size=2097152"
    "memorysetup-profiler-bucket-allocator-granularity=16"
    "memorysetup-profiler-bucket-allocator-bucket-count=8"
    "memorysetup-profiler-bucket-allocator-block-size=33554432"
    "memorysetup-profiler-bucket-allocator-block-count=8"
    "memorysetup-profiler-allocator-block-size=16777216"
    "memorysetup-profiler-editor-allocator-block-size=1048576"
    "memorysetup-temp-allocator-size-main=16777216"
    "memorysetup-job-temp-allocator-block-size=2097152"
    "memorysetup-job-temp-allocator-block-size-background=1048576"
    "memorysetup-job-temp-allocator-reduction-small-platforms=262144"
    "memorysetup-temp-allocator-size-background-worker=32768"
    "memorysetup-temp-allocator-size-job-worker=262144"
    "memorysetup-temp-allocator-size-preload-manager=33554432"
    "memorysetup-temp-allocator-size-nav-mesh-worker=65536"
    "memorysetup-temp-allocator-size-audio-worker=65536"
    "memorysetup-temp-allocator-size-cloud-worker=32768"
    "memorysetup-temp-allocator-size-gi-baking-worker=262144"
    "memorysetup-temp-allocator-size-gfx=262144"
Player connection [14612] Host "[IP] 192.168.1.77 [Port] 0 [Flags] 2 [Guid] 2364310347 [EditorId] 2364310347 [Version] 1048832 [Id] WindowsEditor(7,LAPTOP-V312AES4) [Debug] 1 [PackageName] WindowsEditor [ProjectName] Editor" joined multi-casting on [225.0.0.222:54997]...

Player connection [14612] Host "[IP] 192.168.1.77 [Port] 0 [Flags] 2 [Guid] 2364310347 [EditorId] 2364310347 [Version] 1048832 [Id] WindowsEditor(7,LAPTOP-V312AES4) [Debug] 1 [PackageName] WindowsEditor [ProjectName] Editor" joined alternative multi-casting on [225.0.0.222:34997]...

[Physics::Module] Initialized MultithreadedJobDispatcher with {0} workers.
Refreshing native plugins compatible for Editor in 61.48 ms, found 3 plugins.
Preloading 0 native plugins for Editor in 0.00 ms.
Initialize engine version: 2021.3.45f1 (0da89fac8e79)
[Subsystems] Discovering subsystems at path C:/Program Files/Unity/Hub/Editor/2021.3.45f1/Editor/Data/Resources/UnitySubsystems
[Subsystems] Discovering subsystems at path D:/UnityProjects/Testing/APP_Mutual_AR/Assets
GfxDevice: creating device client; threaded=0; jobified=0
Direct3D:
    Version:  Direct3D 11.0 [level 11.1]
    Renderer: NVIDIA GeForce RTX 3060 Laptop GPU (ID=0x2560)
    Vendor:   NVIDIA
    VRAM:     6010 MB
    Driver:   31.0.15.4630
Initialize mono
Mono path[0] = 'C:/Program Files/Unity/Hub/Editor/2021.3.45f1/Editor/Data/Managed'
Mono path[1] = 'C:/Program Files/Unity/Hub/Editor/2021.3.45f1/Editor/Data/MonoBleedingEdge/lib/mono/unityjit-win32'
Mono config path = 'C:/Program Files/Unity/Hub/Editor/2021.3.45f1/Editor/Data/MonoBleedingEdge/etc'
Using monoOptions --debugger-agent=transport=dt_socket,embedding=1,server=y,suspend=n,address=127.0.0.1:56892
Begin MonoManager ReloadAssembly
Registering precompiled unity dll's ...
Register platform support module: C:/Program Files/Unity/Hub/Editor/2021.3.45f1/Editor/Data/PlaybackEngines/WebGLSupport/UnityEditor.WebGL.Extensions.dll
Register platform support module: C:/Program Files/Unity/Hub/Editor/2021.3.45f1/Editor/Data/PlaybackEngines/AndroidPlayer/UnityEditor.Android.Extensions.dll
Register platform support module: C:/Program Files/Unity/Hub/Editor/2021.3.45f1/Editor/Data/PlaybackEngines/WindowsStandaloneSupport/UnityEditor.WindowsStandalone.Extensions.dll
Registered in 0.009451 seconds.
Native extension for WindowsStandalone target not found
Native extension for Android target not found
Android Extension - Scanning For ADB Devices 614 ms
Native extension for WebGL target not found
Refreshing native plugins compatible for Editor in 39.50 ms, found 3 plugins.
Preloading 0 native plugins for Editor in 0.00 ms.
Mono: successfully reloaded assembly
- Completed reload, in  1.248 seconds
Domain Reload Profiling:
	ReloadAssembly (1248ms)
		BeginReloadAssembly (95ms)
			ExecutionOrderSort (0ms)
			DisableScriptedObjects (0ms)
			BackupInstance (0ms)
			ReleaseScriptingObjects (0ms)
			CreateAndSetChildDomain (1ms)
		EndReloadAssembly (1042ms)
			LoadAssemblies (93ms)
			RebuildTransferFunctionScriptingTraits (0ms)
			SetupTypeCache (99ms)
			ReleaseScriptCaches (0ms)
			RebuildScriptCaches (26ms)
			SetupLoadedEditorAssemblies (877ms)
				LogAssemblyErrors (0ms)
				InitializePlatformSupportModulesInManaged (692ms)
				SetLoadedEditorAssemblies (1ms)
				RefreshPlugins (40ms)
				BeforeProcessingInitializeOnLoad (1ms)
				ProcessInitializeOnLoadAttributes (95ms)
				ProcessInitializeOnLoadMethodAttributes (47ms)
				AfterProcessingInitializeOnLoad (0ms)
				EditorAssembliesLoaded (0ms)
			ExecutionOrderSort2 (0ms)
			AwakeInstancesAfterBackupRestoration (0ms)
Platform modules already initialized, skipping
Registering precompiled user dll's ...
Registered in 0.002640 seconds.
Begin MonoManager ReloadAssembly
Native extension for WindowsStandalone target not found
Native extension for Android target not found
Native extension for WebGL target not found
Refreshing native plugins compatible for Editor in 38.79 ms, found 3 plugins.
Preloading 0 native plugins for Editor in 0.00 ms.
Package Manager log level set to [2]
[Package Manager] Server::EnsureServerProcessIsRunning -- launch failed, reason: Unity was launched with the -noUpm command-line argument
[Package Manager] Cannot connect to Unity Package Manager local server
Mono: successfully reloaded assembly
- Completed reload, in  1.651 seconds
Domain Reload Profiling:
	ReloadAssembly (1652ms)
		BeginReloadAssembly (118ms)
			ExecutionOrderSort (0ms)
			DisableScriptedObjects (5ms)
			BackupInstance (0ms)
			ReleaseScriptingObjects (0ms)
			CreateAndSetChildDomain (19ms)
		EndReloadAssembly (1422ms)
			LoadAssemblies (89ms)
			RebuildTransferFunctionScriptingTraits (0ms)
			SetupTypeCache (182ms)
			ReleaseScriptCaches (1ms)
			RebuildScriptCaches (62ms)
			SetupLoadedEditorAssemblies (1039ms)
				LogAssemblyErrors (0ms)
				InitializePlatformSupportModulesInManaged (20ms)
				SetLoadedEditorAssemblies (0ms)
				RefreshPlugins (39ms)
				BeforeProcessingInitializeOnLoad (78ms)
				ProcessInitializeOnLoadAttributes (871ms)
				ProcessInitializeOnLoadMethodAttributes (21ms)
				AfterProcessingInitializeOnLoad (9ms)
				EditorAssembliesLoaded (0ms)
			ExecutionOrderSort2 (0ms)
			AwakeInstancesAfterBackupRestoration (6ms)
Platform modules already initialized, skipping
========================================================================
Worker process is ready to serve import requests
Launched and connected shader compiler UnityShaderCompiler.exe after 0.05 seconds
Refreshing native plugins compatible for Editor in 0.63 ms, found 3 plugins.
Preloading 0 native plugins for Editor in 0.00 ms.
Unloading 1944 Unused Serialized files (Serialized files now loaded: 0)
Unloading 40 unused Assets / (1.8 MB). Loaded Objects now: 2390.
Memory consumption went from 95.9 MB to 94.1 MB.
Total: 3.773700 ms (FindLiveObjects: 0.157700 ms CreateObjectMapping: 0.098400 ms MarkObjects: 3.134200 ms  DeleteObjects: 0.382200 ms)

AssetImportParameters requested are different than current active one (requested -> active):
  custom:video-decoder-ogg-theora: a1e56fd34408186e4bbccfd4996cb3dc -> 
  custom:container-muxer-webm: aa71ff27fc2769a1b78a27578f13a17b -> 
  custom:container-demuxer-webm: 4f35f7cbe854078d1ac9338744f61a02 -> 
  custom:video-encoder-webm-vp8: eb34c28f22e8b96e1ab97ce403110664 -> 
  custom:video-codec-MediaFoundation-h265: 746d11721c4dcdbdad8f713fa42b33f4 -> 
  custom:CustomObjectIndexerAttribute: bc11b3a6c3213fcdd17b65e7da85e133 -> 
  custom:audio-encoder-webm-vorbis: bf7c407c2cedff20999df2af8eb42d56 -> 
  custom:framework-win-MediaFoundation: 216162199b28c13a410421893ffa2e32 -> 
  custom:SearchIndexIgnoredProperties: e643bd26f0fe6173181afceb89e7c659 -> 
  custom:container-demuxer-ogg: 62fdf1f143b41e24485cea50d1cbac27 -> 
  custom:video-decoder-webm-vp8: 9c59270c3fd7afecdb556c50c9e8de78 -> 
  custom:audio-decoder-ogg-vorbis: bf7c407c2cedff20999df2af8eb42d56 -> 
========================================================================
Received Import Request.
  Time since last request: 541463.596581 seconds.
  path: Assets/Models/Andamios/Tipos/Colgante/Chimney_Mat.mat
  artifactKey: Guid(1348e150f52334a4b8c03078498de14b) Importer(815301076,1909f56bfc062723c751e8b465ee728b)
Number of updated assets reloaded before import = 0
Start importing Assets/Models/Andamios/Tipos/Colgante/Chimney_Mat.mat using Guid(1348e150f52334a4b8c03078498de14b) Importer(815301076,1909f56bfc062723c751e8b465ee728b)  -> (artifact id: 'b33c7c2a3aec96430fd7d3f7c0d87456') in 0.158707 seconds 
Number of asset objects unloaded after import = 2
========================================================================
Received Import Request.
  Time since last request: 16.918954 seconds.
  path: Assets/Models/Riesgos_viales/Personas_expuestas/Accidente Conductor/Black Paint.mat
  artifactKey: Guid(5b1c1f312cd7ea549bc3f1abf4885967) Importer(815301076,1909f56bfc062723c751e8b465ee728b)
Number of updated assets reloaded before import = 0
Start importing Assets/Models/Riesgos_viales/Personas_expuestas/Accidente Conductor/Black Paint.mat using Guid(5b1c1f312cd7ea549bc3f1abf4885967) Importer(815301076,1909f56bfc062723c751e8b465ee728b)  -> (artifact id: '198ba4b0079ba0c760d998abc27c154f') in 0.021722 seconds 
Number of asset objects unloaded after import = 1
========================================================================
Received Import Request.
  Time since last request: 0.000024 seconds.
  path: Assets/Models/Riesgos_viales/Personas_expuestas/Accidente Conductor/Headlight.mat
  artifactKey: Guid(9f137d9b04336ec40896678815dfcb51) Importer(815301076,1909f56bfc062723c751e8b465ee728b)
Number of updated assets reloaded before import = 0
Start importing Assets/Models/Riesgos_viales/Personas_expuestas/Accidente Conductor/Headlight.mat using Guid(9f137d9b04336ec40896678815dfcb51) Importer(815301076,1909f56bfc062723c751e8b465ee728b)  -> (artifact id: '4ea1f8f84da10d1df787cb3679e66daa') in 0.028465 seconds 
Number of asset objects unloaded after import = 1
========================================================================
Received Import Request.
  Time since last request: 0.000040 seconds.
  path: Assets/Models/Riesgos_viales/Personas_expuestas/Accidente Conductor/Interior (dark).mat
  artifactKey: Guid(e241be9761ecbe14d80d7d54c70449b2) Importer(815301076,1909f56bfc062723c751e8b465ee728b)
Number of updated assets reloaded before import = 0
Start importing Assets/Models/Riesgos_viales/Personas_expuestas/Accidente Conductor/Interior (dark).mat using Guid(e241be9761ecbe14d80d7d54c70449b2) Importer(815301076,1909f56bfc062723c751e8b465ee728b)  -> (artifact id: '23c3484a27f93f015838aad4e2e04f32') in 0.016279 seconds 
Number of asset objects unloaded after import = 1
========================================================================
Received Import Request.
  Time since last request: 0.000020 seconds.
  path: Assets/Models/Riesgos_viales/Personas_expuestas/Accidente Conductor/Interior (light).mat
  artifactKey: Guid(6ee99f1b29bd33444be14ecca6d017e1) Importer(815301076,1909f56bfc062723c751e8b465ee728b)
Number of updated assets reloaded before import = 0
Start importing Assets/Models/Riesgos_viales/Personas_expuestas/Accidente Conductor/Interior (light).mat using Guid(6ee99f1b29bd33444be14ecca6d017e1) Importer(815301076,1909f56bfc062723c751e8b465ee728b)  -> (artifact id: '2046cdb1ecad7a08ca8b9b876a857514') in 0.015804 seconds 
Number of asset objects unloaded after import = 1
========================================================================
Received Import Request.
  Time since last request: 0.000018 seconds.
  path: Assets/Models/Riesgos_viales/Personas_expuestas/Accidente Conductor/Glass.002.mat
  artifactKey: Guid(833965a8bc715c64a8b91e60137daf16) Importer(815301076,1909f56bfc062723c751e8b465ee728b)
Number of updated assets reloaded before import = 0
Start importing Assets/Models/Riesgos_viales/Personas_expuestas/Accidente Conductor/Glass.002.mat using Guid(833965a8bc715c64a8b91e60137daf16) Importer(815301076,1909f56bfc062723c751e8b465ee728b)  -> (artifact id: '966aa468489a8675dddaa2d3b97997e1') in 0.171539 seconds 
Number of asset objects unloaded after import = 1
========================================================================
Received Import Request.
  Time since last request: 0.000028 seconds.
  path: Assets/Models/Riesgos_viales/Personas_expuestas/Accidente Conductor/Interior 2.mat
  artifactKey: Guid(ab34e64386b07b84790eab1d4e46a34b) Importer(815301076,1909f56bfc062723c751e8b465ee728b)
Number of updated assets reloaded before import = 0
Start importing Assets/Models/Riesgos_viales/Personas_expuestas/Accidente Conductor/Interior 2.mat using Guid(ab34e64386b07b84790eab1d4e46a34b) Importer(815301076,1909f56bfc062723c751e8b465ee728b)  -> (artifact id: '25a0c78496e305456c208a9adc1a203c') in 0.017326 seconds 
Number of asset objects unloaded after import = 1
========================================================================
Received Import Request.
  Time since last request: 0.000036 seconds.
  path: Assets/Models/Riesgos_viales/Personas_expuestas/Accidente Conductor/Headlight.002.mat
  artifactKey: Guid(c12a4ce12ed973846b2f40c23812c5ce) Importer(815301076,1909f56bfc062723c751e8b465ee728b)
Number of updated assets reloaded before import = 0
Start importing Assets/Models/Riesgos_viales/Personas_expuestas/Accidente Conductor/Headlight.002.mat using Guid(c12a4ce12ed973846b2f40c23812c5ce) Importer(815301076,1909f56bfc062723c751e8b465ee728b)  -> (artifact id: '9b653878354cae74637b879ef68e8376') in 0.018986 seconds 
Number of asset objects unloaded after import = 1
========================================================================
Received Import Request.
  Time since last request: 0.000027 seconds.
  path: Assets/Models/Riesgos_viales/Personas_expuestas/Accidente Conductor/Black plastic.002.mat
  artifactKey: Guid(844babc8aacf17c48a62c3bbc62511ca) Importer(815301076,1909f56bfc062723c751e8b465ee728b)
Number of updated assets reloaded before import = 0
Start importing Assets/Models/Riesgos_viales/Personas_expuestas/Accidente Conductor/Black plastic.002.mat using Guid(844babc8aacf17c48a62c3bbc62511ca) Importer(815301076,1909f56bfc062723c751e8b465ee728b)  -> (artifact id: 'f5fa991020684a06e03761059de5e990') in 0.017089 seconds 
Number of asset objects unloaded after import = 1
========================================================================
Received Import Request.
  Time since last request: 0.000043 seconds.
  path: Assets/Models/Riesgos_viales/Personas_expuestas/Accidente Conductor/Shades.mat
  artifactKey: Guid(674981b8b8493a249b5c8cba06b5a485) Importer(815301076,1909f56bfc062723c751e8b465ee728b)
Number of updated assets reloaded before import = 0
Start importing Assets/Models/Riesgos_viales/Personas_expuestas/Accidente Conductor/Shades.mat using Guid(674981b8b8493a249b5c8cba06b5a485) Importer(815301076,1909f56bfc062723c751e8b465ee728b)  -> (artifact id: '2141ea4f4a701573ef92e6516bdd2da9') in 0.018389 seconds 
Number of asset objects unloaded after import = 1
========================================================================
Received Import Request.
  Time since last request: 5.249871 seconds.
  path: Assets/Models/Riesgos_viales/Personas_expuestas/Accidente Operario/Cemento_Mat.mat
  artifactKey: Guid(9f64e29e664eb8a41ac374be9c447b5e) Importer(815301076,1909f56bfc062723c751e8b465ee728b)
Number of updated assets reloaded before import = 0
Start importing Assets/Models/Riesgos_viales/Personas_expuestas/Accidente Operario/Cemento_Mat.mat using Guid(9f64e29e664eb8a41ac374be9c447b5e) Importer(815301076,1909f56bfc062723c751e8b465ee728b)  -> (artifact id: '213a695323de9d908e493e86cdcbb731') in 0.041714 seconds 
Number of asset objects unloaded after import = 1
========================================================================
Received Import Request.
  Time since last request: 0.000019 seconds.
  path: Assets/Models/Riesgos_viales/Personas_expuestas/Accidente Operario/operarioy carro_animacion_MAQUINISTA.fbx
  artifactKey: Guid(aaa48cd02be670643bf432bbd728d604) Importer(815301076,1909f56bfc062723c751e8b465ee728b)
Number of updated assets reloaded before import = 0
Start importing Assets/Models/Riesgos_viales/Personas_expuestas/Accidente Operario/operarioy carro_animacion_MAQUINISTA.fbx using Guid(aaa48cd02be670643bf432bbd728d604) Importer(815301076,1909f56bfc062723c751e8b465ee728b)  -> (artifact id: 'aaa7f455ef0676e76a924a9c20fc24d1') in 0.173628 seconds 
Number of asset objects unloaded after import = 201
Editor requested this worker to shutdown with reason: Scaling down because of idle timeout
AssetImportWorker is now disconnected from the server
Process exiting
Exiting without the bug reporter. Application will terminate with return code 0