Using pre-set license
Built from '2021.3/staging' branch; Version is '2021.3.45f1 (0da89fac8e79) revision 895135'; Using compiler version '192829333'; Build Type 'Release'
OS: 'Windows 11  (10.0.26100) 64bit CoreSingleLanguage' Language: 'es' Physical Memory: 61292 MB
BatchMode: 1, IsHumanControllingUs: 0, StartBugReporterOnCrash: 0, Is64bit: 1, IsPro: 1

COMMAND LINE ARGUMENTS:
C:\Program Files\Unity\Hub\Editor\2021.3.45f1\Editor\Unity.exe
-adb2
-batchMode
-noUpm
-name
AssetImportWorker3
-projectPath
D:/UnityProjects/Testing/APP_Mutual_AR
-logFile
Logs/AssetImportWorker3.log
-srvPort
51643
Successfully changed project path to: D:/UnityProjects/Testing/APP_Mutual_AR
D:/UnityProjects/Testing/APP_Mutual_AR
[UnityMemory] Configuration Parameters - Can be set up in boot.config
    "memorysetup-bucket-allocator-granularity=16"
    "memorysetup-bucket-allocator-bucket-count=8"
    "memorysetup-bucket-allocator-block-size=33554432"
    "memorysetup-bucket-allocator-block-count=8"
    "memorysetup-main-allocator-block-size=16777216"
    "memorysetup-thread-allocator-block-size=16777216"
    "memorysetup-gfx-main-allocator-block-size=16777216"
    "memorysetup-gfx-thread-allocator-block-size=16777216"
    "memorysetup-cache-allocator-block-size=4194304"
    "memorysetup-typetree-allocator-block-size=2097152"
    "memorysetup-profiler-bucket-allocator-granularity=16"
    "memorysetup-profiler-bucket-allocator-bucket-count=8"
    "memorysetup-profiler-bucket-allocator-block-size=33554432"
    "memorysetup-profiler-bucket-allocator-block-count=8"
    "memorysetup-profiler-allocator-block-size=16777216"
    "memorysetup-profiler-editor-allocator-block-size=1048576"
    "memorysetup-temp-allocator-size-main=16777216"
    "memorysetup-job-temp-allocator-block-size=2097152"
    "memorysetup-job-temp-allocator-block-size-background=1048576"
    "memorysetup-job-temp-allocator-reduction-small-platforms=262144"
    "memorysetup-temp-allocator-size-background-worker=32768"
    "memorysetup-temp-allocator-size-job-worker=262144"
    "memorysetup-temp-allocator-size-preload-manager=33554432"
    "memorysetup-temp-allocator-size-nav-mesh-worker=65536"
    "memorysetup-temp-allocator-size-audio-worker=65536"
    "memorysetup-temp-allocator-size-cloud-worker=32768"
    "memorysetup-temp-allocator-size-gi-baking-worker=262144"
    "memorysetup-temp-allocator-size-gfx=262144"
Player connection [12976] Host "[IP] 192.168.1.77 [Port] 0 [Flags] 2 [Guid] 1488153458 [EditorId] 1488153458 [Version] 1048832 [Id] WindowsEditor(7,LAPTOP-V312AES4) [Debug] 1 [PackageName] WindowsEditor [ProjectName] Editor" joined multi-casting on [225.0.0.222:54997]...

Player connection [12976] Host "[IP] 192.168.1.77 [Port] 0 [Flags] 2 [Guid] 1488153458 [EditorId] 1488153458 [Version] 1048832 [Id] WindowsEditor(7,LAPTOP-V312AES4) [Debug] 1 [PackageName] WindowsEditor [ProjectName] Editor" joined alternative multi-casting on [225.0.0.222:34997]...

[Physics::Module] Initialized MultithreadedJobDispatcher with {0} workers.
Refreshing native plugins compatible for Editor in 40.24 ms, found 3 plugins.
Preloading 0 native plugins for Editor in 0.00 ms.
Initialize engine version: 2021.3.45f1 (0da89fac8e79)
[Subsystems] Discovering subsystems at path C:/Program Files/Unity/Hub/Editor/2021.3.45f1/Editor/Data/Resources/UnitySubsystems
[Subsystems] Discovering subsystems at path D:/UnityProjects/Testing/APP_Mutual_AR/Assets
GfxDevice: creating device client; threaded=0; jobified=0
Direct3D:
    Version:  Direct3D 11.0 [level 11.1]
    Renderer: NVIDIA GeForce RTX 3060 Laptop GPU (ID=0x2560)
    Vendor:   NVIDIA
    VRAM:     6010 MB
    Driver:   31.0.15.4630
Initialize mono
Mono path[0] = 'C:/Program Files/Unity/Hub/Editor/2021.3.45f1/Editor/Data/Managed'
Mono path[1] = 'C:/Program Files/Unity/Hub/Editor/2021.3.45f1/Editor/Data/MonoBleedingEdge/lib/mono/unityjit-win32'
Mono config path = 'C:/Program Files/Unity/Hub/Editor/2021.3.45f1/Editor/Data/MonoBleedingEdge/etc'
Using monoOptions --debugger-agent=transport=dt_socket,embedding=1,server=y,suspend=n,address=127.0.0.1:56212
Begin MonoManager ReloadAssembly
Registering precompiled unity dll's ...
Register platform support module: C:/Program Files/Unity/Hub/Editor/2021.3.45f1/Editor/Data/PlaybackEngines/WebGLSupport/UnityEditor.WebGL.Extensions.dll
Register platform support module: C:/Program Files/Unity/Hub/Editor/2021.3.45f1/Editor/Data/PlaybackEngines/AndroidPlayer/UnityEditor.Android.Extensions.dll
Register platform support module: C:/Program Files/Unity/Hub/Editor/2021.3.45f1/Editor/Data/PlaybackEngines/WindowsStandaloneSupport/UnityEditor.WindowsStandalone.Extensions.dll
Registered in 0.008218 seconds.
Native extension for WindowsStandalone target not found
Native extension for Android target not found
Android Extension - Scanning For ADB Devices 324 ms
Native extension for WebGL target not found
Refreshing native plugins compatible for Editor in 35.09 ms, found 3 plugins.
Preloading 0 native plugins for Editor in 0.00 ms.
Mono: successfully reloaded assembly
- Completed reload, in  0.945 seconds
Domain Reload Profiling:
	ReloadAssembly (946ms)
		BeginReloadAssembly (106ms)
			ExecutionOrderSort (0ms)
			DisableScriptedObjects (0ms)
			BackupInstance (0ms)
			ReleaseScriptingObjects (0ms)
			CreateAndSetChildDomain (1ms)
		EndReloadAssembly (744ms)
			LoadAssemblies (104ms)
			RebuildTransferFunctionScriptingTraits (0ms)
			SetupTypeCache (100ms)
			ReleaseScriptCaches (0ms)
			RebuildScriptCaches (27ms)
			SetupLoadedEditorAssemblies (572ms)
				LogAssemblyErrors (0ms)
				InitializePlatformSupportModulesInManaged (396ms)
				SetLoadedEditorAssemblies (0ms)
				RefreshPlugins (35ms)
				BeforeProcessingInitializeOnLoad (1ms)
				ProcessInitializeOnLoadAttributes (100ms)
				ProcessInitializeOnLoadMethodAttributes (39ms)
				AfterProcessingInitializeOnLoad (0ms)
				EditorAssembliesLoaded (0ms)
			ExecutionOrderSort2 (0ms)
			AwakeInstancesAfterBackupRestoration (0ms)
Platform modules already initialized, skipping
Registering precompiled user dll's ...
Registered in 0.002502 seconds.
Begin MonoManager ReloadAssembly
Native extension for WindowsStandalone target not found
Native extension for Android target not found
Native extension for WebGL target not found
Refreshing native plugins compatible for Editor in 32.58 ms, found 3 plugins.
Preloading 0 native plugins for Editor in 0.00 ms.
Package Manager log level set to [2]
[Package Manager] Server::EnsureServerProcessIsRunning -- launch failed, reason: Unity was launched with the -noUpm command-line argument
[Package Manager] Cannot connect to Unity Package Manager local server
Mono: successfully reloaded assembly
- Completed reload, in  1.582 seconds
Domain Reload Profiling:
	ReloadAssembly (1583ms)
		BeginReloadAssembly (141ms)
			ExecutionOrderSort (0ms)
			DisableScriptedObjects (7ms)
			BackupInstance (0ms)
			ReleaseScriptingObjects (0ms)
			CreateAndSetChildDomain (20ms)
		EndReloadAssembly (1348ms)
			LoadAssemblies (105ms)
			RebuildTransferFunctionScriptingTraits (0ms)
			SetupTypeCache (177ms)
			ReleaseScriptCaches (0ms)
			RebuildScriptCaches (46ms)
			SetupLoadedEditorAssemblies (1018ms)
				LogAssemblyErrors (0ms)
				InitializePlatformSupportModulesInManaged (16ms)
				SetLoadedEditorAssemblies (0ms)
				RefreshPlugins (33ms)
				BeforeProcessingInitializeOnLoad (67ms)
				ProcessInitializeOnLoadAttributes (865ms)
				ProcessInitializeOnLoadMethodAttributes (28ms)
				AfterProcessingInitializeOnLoad (10ms)
				EditorAssembliesLoaded (0ms)
			ExecutionOrderSort2 (0ms)
			AwakeInstancesAfterBackupRestoration (7ms)
Platform modules already initialized, skipping
========================================================================
Worker process is ready to serve import requests
Launched and connected shader compiler UnityShaderCompiler.exe after 0.10 seconds
Refreshing native plugins compatible for Editor in 0.67 ms, found 3 plugins.
Preloading 0 native plugins for Editor in 0.00 ms.
Unloading 1944 Unused Serialized files (Serialized files now loaded: 0)
Unloading 40 unused Assets / (1.8 MB). Loaded Objects now: 2390.
Memory consumption went from 95.8 MB to 94.0 MB.
Total: 4.072500 ms (FindLiveObjects: 0.191100 ms CreateObjectMapping: 0.060400 ms MarkObjects: 3.372700 ms  DeleteObjects: 0.447100 ms)

AssetImportParameters requested are different than current active one (requested -> active):
  custom:video-decoder-ogg-theora: a1e56fd34408186e4bbccfd4996cb3dc -> 
  custom:container-muxer-webm: aa71ff27fc2769a1b78a27578f13a17b -> 
  custom:container-demuxer-webm: 4f35f7cbe854078d1ac9338744f61a02 -> 
  custom:video-encoder-webm-vp8: eb34c28f22e8b96e1ab97ce403110664 -> 
  custom:video-codec-MediaFoundation-h265: 746d11721c4dcdbdad8f713fa42b33f4 -> 
  custom:CustomObjectIndexerAttribute: bc11b3a6c3213fcdd17b65e7da85e133 -> 
  custom:audio-encoder-webm-vorbis: bf7c407c2cedff20999df2af8eb42d56 -> 
  custom:framework-win-MediaFoundation: 216162199b28c13a410421893ffa2e32 -> 
  custom:SearchIndexIgnoredProperties: e643bd26f0fe6173181afceb89e7c659 -> 
  custom:container-demuxer-ogg: 62fdf1f143b41e24485cea50d1cbac27 -> 
  custom:video-decoder-webm-vp8: 9c59270c3fd7afecdb556c50c9e8de78 -> 
  custom:audio-decoder-ogg-vorbis: bf7c407c2cedff20999df2af8eb42d56 -> 
========================================================================
Received Import Request.
  Time since last request: 540663.319504 seconds.
  path: Assets/Models/Trabajo_Alturas/Caida libre/Personaje_3/Material.001.mat
  artifactKey: Guid(8b22112fbed0c427ea108f6ac635d85a) Importer(815301076,1909f56bfc062723c751e8b465ee728b)
Number of updated assets reloaded before import = 0
Start importing Assets/Models/Trabajo_Alturas/Caida libre/Personaje_3/Material.001.mat using Guid(8b22112fbed0c427ea108f6ac635d85a) Importer(815301076,1909f56bfc062723c751e8b465ee728b)  -> (artifact id: '1ed9107e9cba34f384cd9162a490fc99') in 0.144668 seconds 
Number of asset objects unloaded after import = 1
========================================================================
Received Import Request.
  Time since last request: 0.000030 seconds.
  path: Assets/Models/Trabajo_Alturas/Caida libre/Personaje_3/Material.010.mat
  artifactKey: Guid(297b3d5b0ed004b4ba0785c6324b0f11) Importer(815301076,1909f56bfc062723c751e8b465ee728b)
Number of updated assets reloaded before import = 0
Start importing Assets/Models/Trabajo_Alturas/Caida libre/Personaje_3/Material.010.mat using Guid(297b3d5b0ed004b4ba0785c6324b0f11) Importer(815301076,1909f56bfc062723c751e8b465ee728b)  -> (artifact id: '9764a61da81d2c69706a286b8610ff84') in 0.019326 seconds 
Number of asset objects unloaded after import = 1
========================================================================
Received Import Request.
  Time since last request: 0.000016 seconds.
  path: Assets/Models/Trabajo_Alturas/Caida libre/Personaje_3/Material.011.mat
  artifactKey: Guid(d3eabd22d38ce487e952fb180a53ba3f) Importer(815301076,1909f56bfc062723c751e8b465ee728b)
Number of updated assets reloaded before import = 0
Start importing Assets/Models/Trabajo_Alturas/Caida libre/Personaje_3/Material.011.mat using Guid(d3eabd22d38ce487e952fb180a53ba3f) Importer(815301076,1909f56bfc062723c751e8b465ee728b)  -> (artifact id: 'f8efae3363b1f04e096e2e8d2a9a0e41') in 0.013852 seconds 
Number of asset objects unloaded after import = 1
========================================================================
Received Import Request.
  Time since last request: 0.000019 seconds.
  path: Assets/Models/Trabajo_Alturas/Caida libre/Personaje_3/Worker_Head1.001.mat
  artifactKey: Guid(16f668f4d1cff4c12a953098470e3c24) Importer(815301076,1909f56bfc062723c751e8b465ee728b)
Number of updated assets reloaded before import = 0
Start importing Assets/Models/Trabajo_Alturas/Caida libre/Personaje_3/Worker_Head1.001.mat using Guid(16f668f4d1cff4c12a953098470e3c24) Importer(815301076,1909f56bfc062723c751e8b465ee728b)  -> (artifact id: '14a5be1e7f28c69811e0f0d9a101a47e') in 0.021657 seconds 
Number of asset objects unloaded after import = 2
========================================================================
Received Import Request.
  Time since last request: 40.428397 seconds.
  path: Assets/Models/Trabajo_Alturas/Caida libre/Procedimiento/Carabineros 133.png
  artifactKey: Guid(02d89f5e4ec134ac5ad173e2ff138431) Importer(815301076,1909f56bfc062723c751e8b465ee728b)
Number of updated assets reloaded before import = 0
Start importing Assets/Models/Trabajo_Alturas/Caida libre/Procedimiento/Carabineros 133.png using Guid(02d89f5e4ec134ac5ad173e2ff138431) Importer(815301076,1909f56bfc062723c751e8b465ee728b)  -> (artifact id: '12ec672a7d07281292bf5f390ebf4d2f') in 2.279803 seconds 
Number of asset objects unloaded after import = 3
========================================================================
Received Import Request.
  Time since last request: 0.000018 seconds.
  path: Assets/Models/Trabajo_Alturas/Caida libre/Personaje_2/Personaje 2.fbx
  artifactKey: Guid(468eac31cdd72425b91fd4fb777ce1f3) Importer(815301076,1909f56bfc062723c751e8b465ee728b)
Number of updated assets reloaded before import = 0
Start importing Assets/Models/Trabajo_Alturas/Caida libre/Personaje_2/Personaje 2.fbx using Guid(468eac31cdd72425b91fd4fb777ce1f3) Importer(815301076,1909f56bfc062723c751e8b465ee728b)  -> (artifact id: '433f839921417400288a93ec35c2343d') in 0.173804 seconds 
Number of asset objects unloaded after import = 235
========================================================================
Received Import Request.
  Time since last request: 652.036379 seconds.
  path: Assets/Models/Andamios/Accidentes/Riesgo Electrico/Personaje electrocutado/Textura Cabeza.png
  artifactKey: Guid(9c64b7ade620f4214ae2a8d0ef02cec5) Importer(815301076,1909f56bfc062723c751e8b465ee728b)
Number of updated assets reloaded before import = 0
Start importing Assets/Models/Andamios/Accidentes/Riesgo Electrico/Personaje electrocutado/Textura Cabeza.png using Guid(9c64b7ade620f4214ae2a8d0ef02cec5) Importer(815301076,1909f56bfc062723c751e8b465ee728b)  -> (artifact id: '5fcd30484f5ea4acb93a663246488f93') in 0.023672 seconds 
Number of asset objects unloaded after import = 2
========================================================================
Received Import Request.
  Time since last request: 0.000035 seconds.
  path: Assets/Models/Andamios/Accidentes/Riesgo Electrico/Personaje electrocutado/Textura Uniforme.png
  artifactKey: Guid(657d198e1daf14ab08db87737bc34310) Importer(815301076,1909f56bfc062723c751e8b465ee728b)
Number of updated assets reloaded before import = 0
Start importing Assets/Models/Andamios/Accidentes/Riesgo Electrico/Personaje electrocutado/Textura Uniforme.png using Guid(657d198e1daf14ab08db87737bc34310) Importer(815301076,1909f56bfc062723c751e8b465ee728b)  -> (artifact id: '2793db532fde3546b6e5a94802944714') in 0.024615 seconds 
Number of asset objects unloaded after import = 2
========================================================================
Received Import Request.
  Time since last request: 0.000016 seconds.
  path: Assets/Models/Andamios/Accidentes/Riesgo Electrico/Personaje electrocutado/Worker_Head1.001.mat
  artifactKey: Guid(a31086ba665d544b792906726053f1f0) Importer(815301076,1909f56bfc062723c751e8b465ee728b)
Number of updated assets reloaded before import = 0
Start importing Assets/Models/Andamios/Accidentes/Riesgo Electrico/Personaje electrocutado/Worker_Head1.001.mat using Guid(a31086ba665d544b792906726053f1f0) Importer(815301076,1909f56bfc062723c751e8b465ee728b)  -> (artifact id: '66f6088ade5a5a976dcf4dc877c05ac9') in 0.034315 seconds 
Number of asset objects unloaded after import = 2
========================================================================
Received Import Request.
  Time since last request: 0.000030 seconds.
  path: Assets/Models/Andamios/Accidentes/Riesgo Electrico/Personaje electrocutado/Worker_Uniform.001.mat
  artifactKey: Guid(1f491af3e55214200b82002fe04b445b) Importer(815301076,1909f56bfc062723c751e8b465ee728b)
Number of updated assets reloaded before import = 0
Start importing Assets/Models/Andamios/Accidentes/Riesgo Electrico/Personaje electrocutado/Worker_Uniform.001.mat using Guid(1f491af3e55214200b82002fe04b445b) Importer(815301076,1909f56bfc062723c751e8b465ee728b)  -> (artifact id: '7650f1c00121dfbe4e7c634c565d9406') in 0.017136 seconds 
Number of asset objects unloaded after import = 2
========================================================================
Received Import Request.
  Time since last request: 52.350922 seconds.
  path: Assets/Models/Andamios/Tipos/Aandamio Comienzo/Personaje En Andamio/Metal_dorado.002.mat
  artifactKey: Guid(6a901f69f16c3424db21fc70fcfc8d33) Importer(815301076,1909f56bfc062723c751e8b465ee728b)
Number of updated assets reloaded before import = 0
Start importing Assets/Models/Andamios/Tipos/Aandamio Comienzo/Personaje En Andamio/Metal_dorado.002.mat using Guid(6a901f69f16c3424db21fc70fcfc8d33) Importer(815301076,1909f56bfc062723c751e8b465ee728b)  -> (artifact id: '820b8d023dd5f40a5671b4644764d34f') in 0.016654 seconds 
Number of asset objects unloaded after import = 1
========================================================================
Received Import Request.
  Time since last request: 0.000023 seconds.
  path: Assets/Models/Andamios/Tipos/Aandamio Comienzo/Personaje En Andamio/Textura Uniforme.png
  artifactKey: Guid(842dad648ba946646ba533d86dd6f806) Importer(815301076,1909f56bfc062723c751e8b465ee728b)
Number of updated assets reloaded before import = 0
Start importing Assets/Models/Andamios/Tipos/Aandamio Comienzo/Personaje En Andamio/Textura Uniforme.png using Guid(842dad648ba946646ba533d86dd6f806) Importer(815301076,1909f56bfc062723c751e8b465ee728b)  -> (artifact id: '30a9e70edc8a71eef4b6a06776705ae4') in 0.074748 seconds 
Number of asset objects unloaded after import = 2
========================================================================
Received Import Request.
  Time since last request: 0.000020 seconds.
  path: Assets/Models/Andamios/Tipos/Aandamio Comienzo/Personaje En Andamio/Personaje En Andamio Comienzo.fbx
  artifactKey: Guid(175c6f5ca17c8054c9f1d20d5af9a819) Importer(815301076,1909f56bfc062723c751e8b465ee728b)
Number of updated assets reloaded before import = 0
Start importing Assets/Models/Andamios/Tipos/Aandamio Comienzo/Personaje En Andamio/Personaje En Andamio Comienzo.fbx using Guid(175c6f5ca17c8054c9f1d20d5af9a819) Importer(815301076,1909f56bfc062723c751e8b465ee728b)  -> (artifact id: 'a05c545e6730567fa68baec97d0d08f3') in 0.153789 seconds 
Number of asset objects unloaded after import = 193
========================================================================
Received Import Request.
  Time since last request: 52.434306 seconds.
  path: Assets/Models/Andamios/Tipos/Colgante/Build_Mat.mat
  artifactKey: Guid(ef5537c2f80511f4198cd60567390c6d) Importer(815301076,1909f56bfc062723c751e8b465ee728b)
Number of updated assets reloaded before import = 0
Start importing Assets/Models/Andamios/Tipos/Colgante/Build_Mat.mat using Guid(ef5537c2f80511f4198cd60567390c6d) Importer(815301076,1909f56bfc062723c751e8b465ee728b)  -> (artifact id: 'a6dff21cb68566f8b443e5e6fe2e93a0') in 0.030196 seconds 
Number of asset objects unloaded after import = 2
========================================================================
Received Import Request.
  Time since last request: 0.000022 seconds.
  path: Assets/Models/Andamios/Tipos/Colgante/ElectricPanel_Mat.mat
  artifactKey: Guid(a4f646fa1bbee0a4aa21abcbcceb35f2) Importer(815301076,1909f56bfc062723c751e8b465ee728b)
Number of updated assets reloaded before import = 0
Start importing Assets/Models/Andamios/Tipos/Colgante/ElectricPanel_Mat.mat using Guid(a4f646fa1bbee0a4aa21abcbcceb35f2) Importer(815301076,1909f56bfc062723c751e8b465ee728b)  -> (artifact id: 'd4ab72cbffa7b0162b616c6aec78eebe') in 0.031769 seconds 
Number of asset objects unloaded after import = 2
========================================================================
Received Import Request.
  Time since last request: 0.000017 seconds.
  path: Assets/Models/Andamios/Tipos/Colgante/Textura Edificio.png
  artifactKey: Guid(007a5f87a225fbf46a5772fc05982792) Importer(815301076,1909f56bfc062723c751e8b465ee728b)
Number of updated assets reloaded before import = 0
Start importing Assets/Models/Andamios/Tipos/Colgante/Textura Edificio.png using Guid(007a5f87a225fbf46a5772fc05982792) Importer(815301076,1909f56bfc062723c751e8b465ee728b)  -> (artifact id: '67a7c005adb9fdc61ef41f3527256651') in 0.017816 seconds 
Number of asset objects unloaded after import = 2
========================================================================
Received Import Request.
  Time since last request: 0.000020 seconds.
  path: Assets/Models/Andamios/Tipos/Colgante/Material.004.mat
  artifactKey: Guid(d8406995bc1fc5d49b132589d48fa055) Importer(815301076,1909f56bfc062723c751e8b465ee728b)
Number of updated assets reloaded before import = 0
Start importing Assets/Models/Andamios/Tipos/Colgante/Material.004.mat using Guid(d8406995bc1fc5d49b132589d48fa055) Importer(815301076,1909f56bfc062723c751e8b465ee728b)  -> (artifact id: '429d7b57bf42bddd4361872174d82ae6') in 0.026906 seconds 
Number of asset objects unloaded after import = 1
========================================================================
Received Import Request.
  Time since last request: 0.000015 seconds.
  path: Assets/Models/Andamios/Tipos/Colgante/Material.002.mat
  artifactKey: Guid(c5f8075e9d15e3547ba9cb1e9a224331) Importer(815301076,1909f56bfc062723c751e8b465ee728b)
Number of updated assets reloaded before import = 0
Start importing Assets/Models/Andamios/Tipos/Colgante/Material.002.mat using Guid(c5f8075e9d15e3547ba9cb1e9a224331) Importer(815301076,1909f56bfc062723c751e8b465ee728b)  -> (artifact id: '8bc38f0cf04ec00ac648b34719d1f7a8') in 0.024527 seconds 
Number of asset objects unloaded after import = 1
========================================================================
Received Import Request.
  Time since last request: 16.939139 seconds.
  path: Assets/Models/Riesgos_viales/Personas_expuestas/Accidente Conductor/Black Paint.002.mat
  artifactKey: Guid(c2187ed177ee9674dac84050fe63dbb3) Importer(815301076,1909f56bfc062723c751e8b465ee728b)
Number of updated assets reloaded before import = 0
Start importing Assets/Models/Riesgos_viales/Personas_expuestas/Accidente Conductor/Black Paint.002.mat using Guid(c2187ed177ee9674dac84050fe63dbb3) Importer(815301076,1909f56bfc062723c751e8b465ee728b)  -> (artifact id: '41d0a990a6fc27947a2f69de4f391516') in 0.040338 seconds 
Number of asset objects unloaded after import = 1
========================================================================
Received Import Request.
  Time since last request: 0.000018 seconds.
  path: Assets/Models/Riesgos_viales/Personas_expuestas/Accidente Conductor/Black plastic.mat
  artifactKey: Guid(05e66ca1c45f2d44da2000d5dfa13610) Importer(815301076,1909f56bfc062723c751e8b465ee728b)
Number of updated assets reloaded before import = 0
Start importing Assets/Models/Riesgos_viales/Personas_expuestas/Accidente Conductor/Black plastic.mat using Guid(05e66ca1c45f2d44da2000d5dfa13610) Importer(815301076,1909f56bfc062723c751e8b465ee728b)  -> (artifact id: '9755b4f3f3d2f26a140048cea5b8d9bb') in 0.016729 seconds 
Number of asset objects unloaded after import = 1
========================================================================
Received Import Request.
  Time since last request: 0.000030 seconds.
  path: Assets/Models/Riesgos_viales/Personas_expuestas/Accidente Conductor/Chrom.mat
  artifactKey: Guid(faaa9fa3086b7b843a7e7a9ae5272453) Importer(815301076,1909f56bfc062723c751e8b465ee728b)
Number of updated assets reloaded before import = 0
Start importing Assets/Models/Riesgos_viales/Personas_expuestas/Accidente Conductor/Chrom.mat using Guid(faaa9fa3086b7b843a7e7a9ae5272453) Importer(815301076,1909f56bfc062723c751e8b465ee728b)  -> (artifact id: '87ca5fcc9e27d8b9bc32cde448440b76') in 0.016480 seconds 
Number of asset objects unloaded after import = 1
========================================================================
Received Import Request.
  Time since last request: 0.000017 seconds.
  path: Assets/Models/Riesgos_viales/Personas_expuestas/Accidente Conductor/Fog lights.002.mat
  artifactKey: Guid(36bd3e3a405ae394a826879214143698) Importer(815301076,1909f56bfc062723c751e8b465ee728b)
Number of updated assets reloaded before import = 0
Start importing Assets/Models/Riesgos_viales/Personas_expuestas/Accidente Conductor/Fog lights.002.mat using Guid(36bd3e3a405ae394a826879214143698) Importer(815301076,1909f56bfc062723c751e8b465ee728b)  -> (artifact id: '1164ac39748e65131e65f078168fedab') in 0.017541 seconds 
Number of asset objects unloaded after import = 1
========================================================================
Received Import Request.
  Time since last request: 0.000021 seconds.
  path: Assets/Models/Riesgos_viales/Personas_expuestas/Accidente Conductor/Reverse lights.001.mat
  artifactKey: Guid(ee2b9da38e154e34db6927ef7804a1a2) Importer(815301076,1909f56bfc062723c751e8b465ee728b)
Number of updated assets reloaded before import = 0
Start importing Assets/Models/Riesgos_viales/Personas_expuestas/Accidente Conductor/Reverse lights.001.mat using Guid(ee2b9da38e154e34db6927ef7804a1a2) Importer(815301076,1909f56bfc062723c751e8b465ee728b)  -> (artifact id: '184715fb159570215049a2372bfde0ec') in 0.015162 seconds 
Number of asset objects unloaded after import = 1
========================================================================
Received Import Request.
  Time since last request: 0.000024 seconds.
  path: Assets/Models/Riesgos_viales/Personas_expuestas/Accidente Conductor/Underbody.002.mat
  artifactKey: Guid(94069d014de9d7b429ab854f9532c965) Importer(815301076,1909f56bfc062723c751e8b465ee728b)
Number of updated assets reloaded before import = 0
Start importing Assets/Models/Riesgos_viales/Personas_expuestas/Accidente Conductor/Underbody.002.mat using Guid(94069d014de9d7b429ab854f9532c965) Importer(815301076,1909f56bfc062723c751e8b465ee728b)  -> (artifact id: 'c50cd6001612dc94e1f7fdf23393e46d') in 0.016192 seconds 
Number of asset objects unloaded after import = 1
========================================================================
Received Import Request.
  Time since last request: 0.000020 seconds.
  path: Assets/Models/Riesgos_viales/Personas_expuestas/Accidente Conductor/Rubber.002.mat
  artifactKey: Guid(e8d1a9983f92f0c4ab0db781992a2558) Importer(815301076,1909f56bfc062723c751e8b465ee728b)
Number of updated assets reloaded before import = 0
Start importing Assets/Models/Riesgos_viales/Personas_expuestas/Accidente Conductor/Rubber.002.mat using Guid(e8d1a9983f92f0c4ab0db781992a2558) Importer(815301076,1909f56bfc062723c751e8b465ee728b)  -> (artifact id: '50b153c0cea46959540b9dba73dfc609') in 0.015487 seconds 
Number of asset objects unloaded after import = 1
========================================================================
Received Import Request.
  Time since last request: 0.000036 seconds.
  path: Assets/Models/Riesgos_viales/Personas_expuestas/Accidente Conductor/Interior 1.mat
  artifactKey: Guid(42d0f90cf4d4d7649b90ef8e99ce32cc) Importer(815301076,1909f56bfc062723c751e8b465ee728b)
Number of updated assets reloaded before import = 0
Start importing Assets/Models/Riesgos_viales/Personas_expuestas/Accidente Conductor/Interior 1.mat using Guid(42d0f90cf4d4d7649b90ef8e99ce32cc) Importer(815301076,1909f56bfc062723c751e8b465ee728b)  -> (artifact id: 'd8264dfde501e41742340b69a9cdaf51') in 0.014283 seconds 
Number of asset objects unloaded after import = 1
========================================================================
Received Import Request.
  Time since last request: 0.000016 seconds.
  path: Assets/Models/Riesgos_viales/Personas_expuestas/Accidente Conductor/Fog lights.mat
  artifactKey: Guid(4199f3191bc9ec349beb7fb31f6a026b) Importer(815301076,1909f56bfc062723c751e8b465ee728b)
Number of updated assets reloaded before import = 0
Start importing Assets/Models/Riesgos_viales/Personas_expuestas/Accidente Conductor/Fog lights.mat using Guid(4199f3191bc9ec349beb7fb31f6a026b) Importer(815301076,1909f56bfc062723c751e8b465ee728b)  -> (artifact id: 'e67055d33861f8a5c28e2be73101da95') in 0.017054 seconds 
Number of asset objects unloaded after import = 1
========================================================================
Received Import Request.
  Time since last request: 0.000038 seconds.
  path: Assets/Models/Riesgos_viales/Personas_expuestas/Accidente Conductor/Chrom.002.mat
  artifactKey: Guid(a823eab3ce54bb94cb0eb8d548992008) Importer(815301076,1909f56bfc062723c751e8b465ee728b)
Number of updated assets reloaded before import = 0
Start importing Assets/Models/Riesgos_viales/Personas_expuestas/Accidente Conductor/Chrom.002.mat using Guid(a823eab3ce54bb94cb0eb8d548992008) Importer(815301076,1909f56bfc062723c751e8b465ee728b)  -> (artifact id: 'a2dc177a309be50d1d21ffd21a16434a') in 0.026121 seconds 
Number of asset objects unloaded after import = 1
========================================================================
Received Import Request.
  Time since last request: 0.000018 seconds.
  path: Assets/Models/Riesgos_viales/Personas_expuestas/Accidente Conductor/Tail lights.002.mat
  artifactKey: Guid(37020c128f28d2d4fae5171176f834b4) Importer(815301076,1909f56bfc062723c751e8b465ee728b)
Number of updated assets reloaded before import = 0
Start importing Assets/Models/Riesgos_viales/Personas_expuestas/Accidente Conductor/Tail lights.002.mat using Guid(37020c128f28d2d4fae5171176f834b4) Importer(815301076,1909f56bfc062723c751e8b465ee728b)  -> (artifact id: '3536b38552c5517ace609717d7bfc32a') in 0.017819 seconds 
Number of asset objects unloaded after import = 1
========================================================================
Received Import Request.
  Time since last request: 0.000022 seconds.
  path: Assets/Models/Riesgos_viales/Personas_expuestas/Accidente Conductor/Marrakesh brown (metallic).mat
  artifactKey: Guid(0d52435c9356f0b4db8012f71318198f) Importer(815301076,1909f56bfc062723c751e8b465ee728b)
Number of updated assets reloaded before import = 0
Start importing Assets/Models/Riesgos_viales/Personas_expuestas/Accidente Conductor/Marrakesh brown (metallic).mat using Guid(0d52435c9356f0b4db8012f71318198f) Importer(815301076,1909f56bfc062723c751e8b465ee728b)  -> (artifact id: 'f4919f655407d9b98bae83003970daf3') in 0.018404 seconds 
Number of asset objects unloaded after import = 1
========================================================================
Received Import Request.
  Time since last request: 0.000018 seconds.
  path: Assets/Models/Riesgos_viales/Personas_expuestas/Accidente Conductor/Orange plastic.mat
  artifactKey: Guid(6faf79732d870b54d97b091945a584d7) Importer(815301076,1909f56bfc062723c751e8b465ee728b)
Number of updated assets reloaded before import = 0
Start importing Assets/Models/Riesgos_viales/Personas_expuestas/Accidente Conductor/Orange plastic.mat using Guid(6faf79732d870b54d97b091945a584d7) Importer(815301076,1909f56bfc062723c751e8b465ee728b)  -> (artifact id: '6d404073f0d971a62958b2a59fcd1f02') in 0.018906 seconds 
Number of asset objects unloaded after import = 1
========================================================================
Received Import Request.
  Time since last request: 0.000022 seconds.
  path: Assets/Models/Riesgos_viales/Personas_expuestas/Accidente Conductor/Orange plastic.002.mat
  artifactKey: Guid(f4f58d5f2a8ae584d85af5511879bccd) Importer(815301076,1909f56bfc062723c751e8b465ee728b)
Number of updated assets reloaded before import = 0
Start importing Assets/Models/Riesgos_viales/Personas_expuestas/Accidente Conductor/Orange plastic.002.mat using Guid(f4f58d5f2a8ae584d85af5511879bccd) Importer(815301076,1909f56bfc062723c751e8b465ee728b)  -> (artifact id: '3f2b539dfd75a9daae168897c85d1923') in 0.016416 seconds 
Number of asset objects unloaded after import = 1
========================================================================
Received Import Request.
  Time since last request: 0.000043 seconds.
  path: Assets/Models/Riesgos_viales/Personas_expuestas/Accidente Conductor/carro1__CHOFER.fbx
  artifactKey: Guid(5e3adc2a13f7f864d9d308cb1edb0601) Importer(815301076,1909f56bfc062723c751e8b465ee728b)
Number of updated assets reloaded before import = 0
Start importing Assets/Models/Riesgos_viales/Personas_expuestas/Accidente Conductor/carro1__CHOFER.fbx using Guid(5e3adc2a13f7f864d9d308cb1edb0601) Importer(815301076,1909f56bfc062723c751e8b465ee728b)  -> (artifact id: '01516f3e2b39116547846a206820bb07') in 0.189659 seconds 
Number of asset objects unloaded after import = 97
========================================================================
Received Import Request.
  Time since last request: 5.106458 seconds.
  path: Assets/Models/Riesgos_viales/Personas_expuestas/Accidente Operario/cemento_animacion_MAQUINISTA.fbx
  artifactKey: Guid(e1cad2bee1433ce4cb148f0deb8a571f) Importer(815301076,1909f56bfc062723c751e8b465ee728b)
Number of updated assets reloaded before import = 0
Start importing Assets/Models/Riesgos_viales/Personas_expuestas/Accidente Operario/cemento_animacion_MAQUINISTA.fbx using Guid(e1cad2bee1433ce4cb148f0deb8a571f) Importer(815301076,1909f56bfc062723c751e8b465ee728b)  -> (artifact id: '6b181253d49ab447595ec2a1233b95bd') in 0.096848 seconds 
Number of asset objects unloaded after import = 66
========================================================================
Received Import Request.
  Time since last request: 0.000020 seconds.
  path: Assets/Models/Riesgos_viales/Personas_expuestas/Accidente Operario/Worker_Head1.003.mat
  artifactKey: Guid(a87d1f2662e36f1488850918d8cb0370) Importer(815301076,1909f56bfc062723c751e8b465ee728b)
Number of updated assets reloaded before import = 0
Start importing Assets/Models/Riesgos_viales/Personas_expuestas/Accidente Operario/Worker_Head1.003.mat using Guid(a87d1f2662e36f1488850918d8cb0370) Importer(815301076,1909f56bfc062723c751e8b465ee728b)  -> (artifact id: 'b43f2131894d80e18e8cd5ad8c7c6a3b') in 0.036752 seconds 
Number of asset objects unloaded after import = 2
========================================================================
Received Import Request.
  Time since last request: 0.000025 seconds.
  path: Assets/Models/Riesgos_viales/Personas_expuestas/Accidente Operario/Material.012.mat
  artifactKey: Guid(cbba9bb20df60ef4ca92fce47f4f7291) Importer(815301076,1909f56bfc062723c751e8b465ee728b)
Number of updated assets reloaded before import = 0
Start importing Assets/Models/Riesgos_viales/Personas_expuestas/Accidente Operario/Material.012.mat using Guid(cbba9bb20df60ef4ca92fce47f4f7291) Importer(815301076,1909f56bfc062723c751e8b465ee728b)  -> (artifact id: 'd06c29b7455ef255caa82bdff5936c17') in 0.018105 seconds 
Number of asset objects unloaded after import = 1
========================================================================
Received Import Request.
  Time since last request: 0.000019 seconds.
  path: Assets/Models/Riesgos_viales/Personas_expuestas/Accidente Operario/Material.013.mat
  artifactKey: Guid(93c9bd9711b05414fba7f5ac6016a360) Importer(815301076,1909f56bfc062723c751e8b465ee728b)
Number of updated assets reloaded before import = 0
Start importing Assets/Models/Riesgos_viales/Personas_expuestas/Accidente Operario/Material.013.mat using Guid(93c9bd9711b05414fba7f5ac6016a360) Importer(815301076,1909f56bfc062723c751e8b465ee728b)  -> (artifact id: '3802e44d9cdb41f2e4600ff6d66242f7') in 0.039835 seconds 
Number of asset objects unloaded after import = 1
Editor requested this worker to shutdown with reason: Scaling down because of idle timeout
AssetImportWorker is now disconnected from the server
Process exiting
Exiting without the bug reporter. Application will terminate with return code 0