
=== Tue Jun 15 14:57:50 2021

Packages were changed.
Update Mode: updateDependencies

The following packages were updated:
  com.unity.test-framework from version 1.1.22 to 1.1.24
  com.unity.textmeshpro from version 2.1.1 to 2.1.4

=== Fri Jun 18 21:42:33 2021

Packages were changed.
Update Mode: updateDependencies

The following packages were added:
  com.unity.ide.visualstudio@2.0.8
The following packages were updated:
  com.unity.collab-proxy from version 1.2.16 to 1.5.7
  com.unity.textmeshpro from version 2.1.4 to 3.0.6
  com.unity.timeline from version 1.2.18 to 1.4.8

=== Thu Apr  3 17:23:25 2025

Packages were changed.
Update Mode: updateDependencies

The following packages were updated:
  com.unity.collab-proxy from version 1.5.7 to 2.5.2
  com.unity.ide.visualstudio from version 2.0.8 to 2.0.22
  com.unity.ide.vscode from version 1.2.3 to 1.2.5
  com.unity.postprocessing from version 3.1.1 to 3.4.0
  com.unity.test-framework from version 1.1.24 to 1.1.33
  com.unity.timeline from version 1.4.8 to 1.6.5
  com.unity.xr.arkit from version 4.1.7 to 4.2.10
  com.unity.xr.management from version 4.0.6 to 4.5.0
